mode: set
github.com/codershubham350/bookings/internal/forms/errors.go:6.44,8.2 1 1
github.com/codershubham350/bookings/internal/forms/errors.go:11.42,13.18 2 1
github.com/codershubham350/bookings/internal/forms/errors.go:16.2,16.14 1 1
github.com/codershubham350/bookings/internal/forms/errors.go:13.18,15.3 1 1
github.com/codershubham350/bookings/internal/forms/forms.go:18.29,20.2 1 1
github.com/codershubham350/bookings/internal/forms/forms.go:23.33,28.2 1 1
github.com/codershubham350/bookings/internal/forms/forms.go:31.43,32.31 1 1
github.com/codershubham350/bookings/internal/forms/forms.go:32.31,34.37 2 1
github.com/codershubham350/bookings/internal/forms/forms.go:34.37,36.4 1 1
github.com/codershubham350/bookings/internal/forms/forms.go:41.39,43.13 2 1
github.com/codershubham350/bookings/internal/forms/forms.go:47.2,47.13 1 1
github.com/codershubham350/bookings/internal/forms/forms.go:43.13,46.3 2 1
github.com/codershubham350/bookings/internal/forms/forms.go:51.57,54.21 2 1
github.com/codershubham350/bookings/internal/forms/forms.go:58.2,58.13 1 1
github.com/codershubham350/bookings/internal/forms/forms.go:54.21,57.3 2 1
github.com/codershubham350/bookings/internal/forms/forms.go:62.38,63.40 1 1
github.com/codershubham350/bookings/internal/forms/forms.go:63.40,65.3 1 1
