mode: set
github.com/codershubham350/bookings/internal/handlers/handlers.go:31.62,36.2 1 0
github.com/codershubham350/bookings/internal/handlers/handlers.go:39.51,44.2 1 1
github.com/codershubham350/bookings/internal/handlers/handlers.go:47.33,49.2 1 1
github.com/codershubham350/bookings/internal/handlers/handlers.go:52.67,59.2 1 1
github.com/codershubham350/bookings/internal/handlers/handlers.go:62.68,71.2 1 1
github.com/codershubham350/bookings/internal/handlers/handlers.go:74.74,76.9 2 1
github.com/codershubham350/bookings/internal/handlers/handlers.go:82.2,83.16 2 1
github.com/codershubham350/bookings/internal/handlers/handlers.go:89.2,107.4 10 1
github.com/codershubham350/bookings/internal/handlers/handlers.go:76.9,80.3 3 1
github.com/codershubham350/bookings/internal/handlers/handlers.go:83.16,87.3 3 1
github.com/codershubham350/bookings/internal/handlers/handlers.go:111.78,113.9 2 0
github.com/codershubham350/bookings/internal/handlers/handlers.go:118.2,119.16 2 0
github.com/codershubham350/bookings/internal/handlers/handlers.go:147.2,169.19 9 0
github.com/codershubham350/bookings/internal/handlers/handlers.go:179.2,180.16 2 0
github.com/codershubham350/bookings/internal/handlers/handlers.go:187.2,196.16 3 0
github.com/codershubham350/bookings/internal/handlers/handlers.go:201.2,202.66 2 0
github.com/codershubham350/bookings/internal/handlers/handlers.go:113.9,116.3 2 0
github.com/codershubham350/bookings/internal/handlers/handlers.go:119.16,123.3 2 0
github.com/codershubham350/bookings/internal/handlers/handlers.go:169.19,178.3 4 0
github.com/codershubham350/bookings/internal/handlers/handlers.go:180.16,183.3 2 0
github.com/codershubham350/bookings/internal/handlers/handlers.go:196.16,199.3 2 0
github.com/codershubham350/bookings/internal/handlers/handlers.go:206.71,208.2 1 1
github.com/codershubham350/bookings/internal/handlers/handlers.go:211.69,213.2 1 1
github.com/codershubham350/bookings/internal/handlers/handlers.go:216.75,218.2 1 1
github.com/codershubham350/bookings/internal/handlers/handlers.go:221.79,227.16 5 0
github.com/codershubham350/bookings/internal/handlers/handlers.go:231.2,232.16 2 0
github.com/codershubham350/bookings/internal/handlers/handlers.go:237.2,238.16 2 0
github.com/codershubham350/bookings/internal/handlers/handlers.go:243.2,243.21 1 0
github.com/codershubham350/bookings/internal/handlers/handlers.go:250.2,262.4 5 0
github.com/codershubham350/bookings/internal/handlers/handlers.go:227.16,230.3 2 0
github.com/codershubham350/bookings/internal/handlers/handlers.go:232.16,235.3 2 0
github.com/codershubham350/bookings/internal/handlers/handlers.go:238.16,241.3 2 0
github.com/codershubham350/bookings/internal/handlers/handlers.go:243.21,248.3 3 0
github.com/codershubham350/bookings/internal/handlers/handlers.go:275.79,281.16 5 0
github.com/codershubham350/bookings/internal/handlers/handlers.go:284.2,285.16 2 0
github.com/codershubham350/bookings/internal/handlers/handlers.go:289.2,290.16 2 0
github.com/codershubham350/bookings/internal/handlers/handlers.go:294.2,295.16 2 0
github.com/codershubham350/bookings/internal/handlers/handlers.go:298.2,307.16 3 0
github.com/codershubham350/bookings/internal/handlers/handlers.go:313.2,314.14 2 0
github.com/codershubham350/bookings/internal/handlers/handlers.go:281.16,283.3 1 0
github.com/codershubham350/bookings/internal/handlers/handlers.go:285.16,287.3 1 0
github.com/codershubham350/bookings/internal/handlers/handlers.go:290.16,292.3 1 0
github.com/codershubham350/bookings/internal/handlers/handlers.go:295.16,297.3 1 0
github.com/codershubham350/bookings/internal/handlers/handlers.go:307.16,311.3 2 0
github.com/codershubham350/bookings/internal/handlers/handlers.go:318.70,320.2 1 1
github.com/codershubham350/bookings/internal/handlers/handlers.go:323.81,325.9 2 0
github.com/codershubham350/bookings/internal/handlers/handlers.go:333.2,346.4 9 0
github.com/codershubham350/bookings/internal/handlers/handlers.go:325.9,331.3 4 0
github.com/codershubham350/bookings/internal/handlers/handlers.go:350.73,352.16 2 0
github.com/codershubham350/bookings/internal/handlers/handlers.go:357.2,358.9 2 0
github.com/codershubham350/bookings/internal/handlers/handlers.go:363.2,366.63 3 0
github.com/codershubham350/bookings/internal/handlers/handlers.go:352.16,355.3 2 0
github.com/codershubham350/bookings/internal/handlers/handlers.go:358.9,361.3 2 0
github.com/codershubham350/bookings/internal/handlers/handlers.go:370.71,378.16 6 0
github.com/codershubham350/bookings/internal/handlers/handlers.go:381.2,382.16 2 0
github.com/codershubham350/bookings/internal/handlers/handlers.go:386.2,389.16 3 0
github.com/codershubham350/bookings/internal/handlers/handlers.go:393.2,399.63 6 0
github.com/codershubham350/bookings/internal/handlers/handlers.go:378.16,380.3 1 0
github.com/codershubham350/bookings/internal/handlers/handlers.go:382.16,384.3 1 0
github.com/codershubham350/bookings/internal/handlers/handlers.go:389.16,392.3 2 0
